<?xml version="1.0" encoding="UTF-8"?>
<!-- Generated by org.testng.reporters.JUnitReportReporter -->
<testsuite hostname="Lenovo" name="myFramework.TestPageObject" tests="1" failures="0" timestamp="9 Oct 2019 13:21:21 GMT" time="14.623" errors="0">
  <testcase name="verify" time="14.623" classname="myFramework.TestPageObject"/>
</testsuite> <!-- myFramework.TestPageObject -->
