<?xml version="1.0" encoding="UTF-8"?>
<!-- Generated by org.testng.reporters.JUnitReportReporter -->
<testsuite hostname="Lenovo" name="myFramework.TestPageObject" tests="1" failures="0" timestamp="14 Oct 2019 16:03:15 GMT" time="15.582" errors="0">
  <testcase name="verify" time="15.582" classname="myFramework.TestPageObject"/>
</testsuite> <!-- myFramework.TestPageObject -->
